La génération a démarré 02/03/2015 21:26:44.
     1>Projet "C:\Users\Kevin\Desktop\Cours\ESGI\4eme\C++\BattleProject\Battle_Project_Kevin_Pierre\BattleC++\BattleC++.vcxproj" sur le nœud 2 (Build cible(s)).
     1>ClCompile:
         C:\Program Files (x86)\Microsoft Visual Studio 12.0\VC\bin\CL.exe /c /Zi /nologo /W3 /WX- /O2 /Oi /Oy- /GL /D WIN32 /D NDEBUG /D _CONSOLE /D _LIB /D _UNICODE /D UNICODE /Gm- /EHsc /MD /GS /Gy /fp:precise /Zc:wchar_t /Zc:forScope /Fo"Release\\" /Fd"Release\vc120.pdb" /Gd /TP /analyze- /errorReport:prompt AI.cpp Action.cpp Armor.cpp Army.cpp BattleC++.cpp Capacity.cpp Circle.cpp LifePoint.cpp Point.cpp Regen.cpp Speed.cpp Unit.cpp WeaponDamage.cpp WeaponRange.cpp WeaponSpeed.cpp stdafx.cpp
         AI.cpp
         Action.cpp
         Armor.cpp
         Army.cpp
         BattleC++.cpp
     1>BattleC++.cpp(102): warning C4244: 'initialisation' : conversion de 'int' en 'float', perte possible de données
     1>BattleC++.cpp(103): warning C4244: 'initialisation' : conversion de 'int' en 'float', perte possible de données
     1>BattleC++.cpp(350): warning C4244: 'initialisation' : conversion de 'float' en 'int', perte possible de données
     1>BattleC++.cpp(351): warning C4244: 'initialisation' : conversion de 'float' en 'int', perte possible de données
     1>BattleC++.cpp(352): warning C4244: 'initialisation' : conversion de 'float' en 'int', perte possible de données
     1>BattleC++.cpp(413): warning C4018: '<' : incompatibilité signed/unsigned
         Capacity.cpp
         Circle.cpp
         LifePoint.cpp
         Point.cpp
         Regen.cpp
         Speed.cpp
         Unit.cpp
         WeaponDamage.cpp
         WeaponRange.cpp
         WeaponSpeed.cpp
         stdafx.cpp
       Link:
         C:\Program Files (x86)\Microsoft Visual Studio 12.0\VC\bin\link.exe /ERRORREPORT:PROMPT /OUT:"C:\Users\Kevin\Desktop\Cours\ESGI\4eme\C++\BattleProject\Battle_Project_Kevin_Pierre\Release\BattleC++.exe" /INCREMENTAL:NO /NOLOGO kernel32.lib user32.lib gdi32.lib winspool.lib comdlg32.lib advapi32.lib shell32.lib ole32.lib oleaut32.lib uuid.lib odbc32.lib odbccp32.lib /MANIFEST /MANIFESTUAC:"level='asInvoker' uiAccess='false'" /manifest:embed /DEBUG /PDB:"C:\Users\Kevin\Desktop\Cours\ESGI\4eme\C++\BattleProject\Battle_Project_Kevin_Pierre\Release\BattleC++.pdb" /SUBSYSTEM:CONSOLE /OPT:REF /OPT:ICF /LTCG /TLBID:1 /DYNAMICBASE /NXCOMPAT /IMPLIB:"C:\Users\Kevin\Desktop\Cours\ESGI\4eme\C++\BattleProject\Battle_Project_Kevin_Pierre\Release\BattleC++.lib" /MACHINE:X86 /SAFESEH Release\Action.obj
         Release\Armor.obj
         Release\Army.obj
         Release\BattleC++.obj
         Release\Capacity.obj
         Release\Circle.obj
         Release\WeaponDamage.obj
         Release\AI.obj
         Release\LifePoint.obj
         Release\Point.obj
         Release\Regen.obj
         Release\Speed.obj
         Release\stdafx.obj
         Release\Unit.obj
         Release\WeaponRange.obj
         Release\WeaponSpeed.obj
         Génération de code en cours
     1>c:\users\kevin\desktop\cours\esgi\4eme\c++\battleproject\battle_project_kevin_pierre\battlec++\army.cpp(76): warning C4715: 'Army::GetUnit' : les chemins de contrôle ne retournent pas tous une valeur
     1>c:\users\kevin\desktop\cours\esgi\4eme\c++\battleproject\battle_project_kevin_pierre\battlec++\army.cpp(111): warning C4715: 'Army::GetNearestUnit' : les chemins de contrôle ne retournent pas tous une valeur
         Fin de la génération du code
         BattleC++.vcxproj -> C:\Users\Kevin\Desktop\Cours\ESGI\4eme\C++\BattleProject\Battle_Project_Kevin_Pierre\Release\BattleC++.exe
     1>Génération du projet "C:\Users\Kevin\Desktop\Cours\ESGI\4eme\C++\BattleProject\Battle_Project_Kevin_Pierre\BattleC++\BattleC++.vcxproj" terminée (Build cible(s)).

La génération a réussi.

Temps écoulé 00:00:06.27
