La génération a démarré 12/02/2015 18:45:46.
     1>Projet "C:\Users\Kevin\Desktop\Cours\ESGI\4eme\C++\BattleProject\Battle_Project_Kevin_Pierre\Battle_Project_Kevin_Pierre\Battle_Project_Kevin_Pierre.vcxproj" sur le nœud 2 (build cible(s)).
     1>InitializeBuildStatus:
         Mise à jour de l'horodatage "Debug\Battle_Project_Kevin_Pierre.unsuccessfulbuild".
       ClCompile:
         Toutes les sorties sont à jour.
         Toutes les sorties sont à jour.
       ManifestResourceCompile:
         C:\Program Files (x86)\Microsoft SDKs\Windows\v7.0A\bin\rc.exe /nologo /fo"Debug\Battle_Project_Kevin_Pierre.exe.embed.manifest.res" Debug\Battle_Project_Kevin_Pierre_manifest.rc 
       Link:
         c:\Program Files (x86)\Microsoft Visual Studio 10.0\VC\bin\link.exe /ERRORREPORT:PROMPT /OUT:"C:\Users\Kevin\Desktop\Cours\ESGI\4eme\C++\BattleProject\Battle_Project_Kevin_Pierre\Debug\Battle_Project_Kevin_Pierre.exe" /INCREMENTAL /NOLOGO kernel32.lib user32.lib gdi32.lib winspool.lib comdlg32.lib advapi32.lib shell32.lib ole32.lib oleaut32.lib uuid.lib odbc32.lib odbccp32.lib /MANIFEST /ManifestFile:"Debug\Battle_Project_Kevin_Pierre.exe.intermediate.manifest" /MANIFESTUAC:"level='asInvoker' uiAccess='false'" /DEBUG /PDB:"C:\Users\Kevin\Desktop\Cours\ESGI\4eme\C++\BattleProject\Battle_Project_Kevin_Pierre\Debug\Battle_Project_Kevin_Pierre.pdb" /SUBSYSTEM:CONSOLE /TLBID:1 /DYNAMICBASE /NXCOMPAT /IMPLIB:"C:\Users\Kevin\Desktop\Cours\ESGI\4eme\C++\BattleProject\Battle_Project_Kevin_Pierre\Debug\Battle_Project_Kevin_Pierre.lib" /MACHINE:X86 Debug\Battle_Project_Kevin_Pierre.exe.embed.manifest.res
         Debug\Armor.obj
         Debug\Battle_Project_Kevin_Pierre.obj
         Debug\Capacity.obj
         Debug\Damage.obj
         Debug\LifePoint.obj
         Debug\Regen.obj
         Debug\Speed.obj
         Debug\stdafx.obj
         Debug\WeaponSpeed.obj
       Manifest:
         C:\Program Files (x86)\Microsoft SDKs\Windows\v7.0A\bin\mt.exe /nologo /verbose /out:"Debug\Battle_Project_Kevin_Pierre.exe.embed.manifest" /manifest Debug\Battle_Project_Kevin_Pierre.exe.intermediate.manifest
         C:\Program Files (x86)\Microsoft SDKs\Windows\v7.0A\bin\rc.exe /nologo /fo"Debug\Battle_Project_Kevin_Pierre.exe.embed.manifest.res" Debug\Battle_Project_Kevin_Pierre_manifest.rc 
       LinkEmbedManifest:
         c:\Program Files (x86)\Microsoft Visual Studio 10.0\VC\bin\link.exe /ERRORREPORT:PROMPT /OUT:"C:\Users\Kevin\Desktop\Cours\ESGI\4eme\C++\BattleProject\Battle_Project_Kevin_Pierre\Debug\Battle_Project_Kevin_Pierre.exe" /INCREMENTAL /NOLOGO kernel32.lib user32.lib gdi32.lib winspool.lib comdlg32.lib advapi32.lib shell32.lib ole32.lib oleaut32.lib uuid.lib odbc32.lib odbccp32.lib /MANIFEST /ManifestFile:"Debug\Battle_Project_Kevin_Pierre.exe.intermediate.manifest" /MANIFESTUAC:"level='asInvoker' uiAccess='false'" /DEBUG /PDB:"C:\Users\Kevin\Desktop\Cours\ESGI\4eme\C++\BattleProject\Battle_Project_Kevin_Pierre\Debug\Battle_Project_Kevin_Pierre.pdb" /SUBSYSTEM:CONSOLE /TLBID:1 /DYNAMICBASE /NXCOMPAT /IMPLIB:"C:\Users\Kevin\Desktop\Cours\ESGI\4eme\C++\BattleProject\Battle_Project_Kevin_Pierre\Debug\Battle_Project_Kevin_Pierre.lib" /MACHINE:X86 Debug\Battle_Project_Kevin_Pierre.exe.embed.manifest.res
         Debug\Armor.obj
         Debug\Battle_Project_Kevin_Pierre.obj
         Debug\Capacity.obj
         Debug\Damage.obj
         Debug\LifePoint.obj
         Debug\Regen.obj
         Debug\Speed.obj
         Debug\stdafx.obj
         Debug\WeaponSpeed.obj
         Battle_Project_Kevin_Pierre.vcxproj -> C:\Users\Kevin\Desktop\Cours\ESGI\4eme\C++\BattleProject\Battle_Project_Kevin_Pierre\Debug\Battle_Project_Kevin_Pierre.exe
       FinalizeBuildStatus:
         Suppression du fichier "Debug\Battle_Project_Kevin_Pierre.unsuccessfulbuild".
         Mise à jour de l'horodatage "Debug\Battle_Project_Kevin_Pierre.lastbuildstate".
     1>Génération du projet "C:\Users\Kevin\Desktop\Cours\ESGI\4eme\C++\BattleProject\Battle_Project_Kevin_Pierre\Battle_Project_Kevin_Pierre\Battle_Project_Kevin_Pierre.vcxproj" terminée (build cible(s)).

La génération a réussi.

Temps écoulé 00:00:02.17
